<?xml version="1.0" encoding="UTF-8"?>
<testng-results skipped="0" failed="0" total="1" passed="1">
  <reporter-output>
  </reporter-output>
  <suite name="Default suite" duration-ms="91352" started-at="2020-05-26T08:00:24Z" finished-at="2020-05-26T08:01:56Z">
    <groups>
    </groups>
    <test name="Default test" duration-ms="91352" started-at="2020-05-26T08:00:24Z" finished-at="2020-05-26T08:01:56Z">
      <class name="com.wordpress.WordPress">
        <test-method status="PASS" signature="setUp()[pri:0, instance:com.wordpress.WordPress@36d64342]" name="setUp" is-config="true" duration-ms="12083" started-at="2020-05-26T13:30:24Z" finished-at="2020-05-26T13:30:37Z">
          <reporter-output>
          </reporter-output>
        </test-method> <!-- setUp -->
        <test-method status="PASS" signature="testExecution()[pri:0, instance:com.wordpress.WordPress@36d64342]" name="testExecution" duration-ms="79250" started-at="2020-05-26T13:30:37Z" finished-at="2020-05-26T13:31:56Z">
          <reporter-output>
          </reporter-output>
        </test-method> <!-- testExecution -->
      </class> <!-- com.wordpress.WordPress -->
    </test> <!-- Default test -->
  </suite> <!-- Default suite -->
</testng-results>
